  Base.cpp
  Component.cpp
  CSVReader.cpp
  File.cpp
  FileReader.cpp
  GameInstance.cpp
  GameObject.cpp
  Graphic_Device.cpp
  LandObject.cpp
  Layer.cpp
  Level.cpp
  Level_Manager.cpp
  Object_Manager.cpp
  Picking.cpp
  Prototype_Manager.cpp
  Renderer.cpp
  Texture.cpp
  Timer.cpp
  Timer_Manager.cpp
  Transform.cpp
  코드를 생성하고 있습니다...
  컴파일하고 있습니다...
  UserInterface.cpp
  VIBuffer.cpp
  VIBuffer_Rect.cpp
  VIBuffer_Terrain.cpp
  코드를 생성하고 있습니다...
     ../Bin/Debug/Engine.lib 라이브러리 및 ../Bin/Debug/Engine.exp 개체를 생성하고 있습니다.
  Engine.vcxproj -> C:\Users\gimch\OneDrive\문서\GitHub\ProjectSR_Don-tStarve\Projecct_Don'tStrave\Engine\Bin\Debug\Engine.dll
