c:\users\gimch\onedrive\문서\github\projectsr_don-tstarve\projecct_don'tstrave\engine\default\x64\debug\vc143.pdb
c:\users\gimch\onedrive\문서\github\projectsr_don-tstarve\projecct_don'tstrave\engine\default\x64\debug\vc143.idb
c:\users\gimch\onedrive\문서\github\projectsr_don-tstarve\projecct_don'tstrave\engine\default\x64\debug\level.obj
c:\users\gimch\onedrive\문서\github\projectsr_don-tstarve\projecct_don'tstrave\engine\default\x64\debug\layer.obj
c:\users\gimch\onedrive\문서\github\projectsr_don-tstarve\projecct_don'tstrave\engine\default\x64\debug\landobject.obj
c:\users\gimch\onedrive\문서\github\projectsr_don-tstarve\projecct_don'tstrave\engine\default\x64\debug\graphic_device.obj
c:\users\gimch\onedrive\문서\github\projectsr_don-tstarve\projecct_don'tstrave\engine\default\x64\debug\gameobject.obj
c:\users\gimch\onedrive\문서\github\projectsr_don-tstarve\projecct_don'tstrave\engine\default\x64\debug\gameinstance.obj
c:\users\gimch\onedrive\문서\github\projectsr_don-tstarve\projecct_don'tstrave\engine\default\x64\debug\filereader.obj
c:\users\gimch\onedrive\문서\github\projectsr_don-tstarve\projecct_don'tstrave\engine\default\x64\debug\file.obj
c:\users\gimch\onedrive\문서\github\projectsr_don-tstarve\projecct_don'tstrave\engine\default\x64\debug\soundmanager.obj
c:\users\gimch\onedrive\문서\github\projectsr_don-tstarve\projecct_don'tstrave\engine\default\x64\debug\keymanager.obj
c:\users\gimch\onedrive\문서\github\projectsr_don-tstarve\projecct_don'tstrave\engine\default\x64\debug\font_manager.obj
c:\users\gimch\onedrive\문서\github\projectsr_don-tstarve\projecct_don'tstrave\engine\default\x64\debug\cutility.obj
c:\users\gimch\onedrive\문서\github\projectsr_don-tstarve\projecct_don'tstrave\engine\default\x64\debug\csvreader.obj
c:\users\gimch\onedrive\문서\github\projectsr_don-tstarve\projecct_don'tstrave\engine\default\x64\debug\component.obj
c:\users\gimch\onedrive\문서\github\projectsr_don-tstarve\projecct_don'tstrave\engine\default\x64\debug\collision_manager.obj
c:\users\gimch\onedrive\문서\github\projectsr_don-tstarve\projecct_don'tstrave\engine\default\x64\debug\collision_component.obj
c:\users\gimch\onedrive\문서\github\projectsr_don-tstarve\projecct_don'tstrave\engine\default\x64\debug\cmath.obj
c:\users\gimch\onedrive\문서\github\projectsr_don-tstarve\projecct_don'tstrave\engine\default\x64\debug\box_collision_component.obj
c:\users\gimch\onedrive\문서\github\projectsr_don-tstarve\projecct_don'tstrave\engine\default\x64\debug\base.obj
c:\users\gimch\onedrive\문서\github\projectsr_don-tstarve\projecct_don'tstrave\engine\default\x64\debug\animcontroller.obj
c:\users\gimch\onedrive\문서\github\projectsr_don-tstarve\projecct_don'tstrave\engine\default\x64\debug\vibuffer_terrain.obj
c:\users\gimch\onedrive\문서\github\projectsr_don-tstarve\projecct_don'tstrave\engine\default\x64\debug\vibuffer_rect.obj
c:\users\gimch\onedrive\문서\github\projectsr_don-tstarve\projecct_don'tstrave\engine\default\x64\debug\vibuffer.obj
c:\users\gimch\onedrive\문서\github\projectsr_don-tstarve\projecct_don'tstrave\engine\default\x64\debug\userinterface.obj
c:\users\gimch\onedrive\문서\github\projectsr_don-tstarve\projecct_don'tstrave\engine\default\x64\debug\transform.obj
c:\users\gimch\onedrive\문서\github\projectsr_don-tstarve\projecct_don'tstrave\engine\default\x64\debug\timer_manager.obj
c:\users\gimch\onedrive\문서\github\projectsr_don-tstarve\projecct_don'tstrave\engine\default\x64\debug\timer.obj
c:\users\gimch\onedrive\문서\github\projectsr_don-tstarve\projecct_don'tstrave\engine\default\x64\debug\texture.obj
c:\users\gimch\onedrive\문서\github\projectsr_don-tstarve\projecct_don'tstrave\engine\default\x64\debug\state.obj
c:\users\gimch\onedrive\문서\github\projectsr_don-tstarve\projecct_don'tstrave\engine\default\x64\debug\sphere_collision_component.obj
c:\users\gimch\onedrive\문서\github\projectsr_don-tstarve\projecct_don'tstrave\engine\default\x64\debug\renderer.obj
c:\users\gimch\onedrive\문서\github\projectsr_don-tstarve\projecct_don'tstrave\engine\default\x64\debug\prototype_manager.obj
c:\users\gimch\onedrive\문서\github\projectsr_don-tstarve\projecct_don'tstrave\engine\default\x64\debug\picking.obj
c:\users\gimch\onedrive\문서\github\projectsr_don-tstarve\projecct_don'tstrave\engine\default\x64\debug\object_manager.obj
c:\users\gimch\onedrive\문서\github\projectsr_don-tstarve\projecct_don'tstrave\engine\default\x64\debug\mouseslotui.obj
c:\users\gimch\onedrive\문서\github\projectsr_don-tstarve\projecct_don'tstrave\engine\default\x64\debug\mousemanager.obj
c:\users\gimch\onedrive\문서\github\projectsr_don-tstarve\projecct_don'tstrave\engine\default\x64\debug\level_manager.obj
c:\users\gimch\onedrive\문서\github\projectsr_don-tstarve\projecct_don'tstrave\engine\bin\debug\engine.dll
c:\users\gimch\onedrive\문서\github\projectsr_don-tstarve\projecct_don'tstrave\engine\bin\debug\engine.pdb
c:\users\gimch\onedrive\문서\github\projectsr_don-tstarve\projecct_don'tstrave\engine\bin\debug\engine.lib
c:\users\gimch\onedrive\문서\github\projectsr_don-tstarve\projecct_don'tstrave\engine\bin\debug\engine.exp
c:\users\gimch\onedrive\문서\github\projectsr_don-tstarve\projecct_don'tstrave\engine\default\x64\debug\engine.ilk
c:\users\gimch\onedrive\문서\github\projectsr_don-tstarve\projecct_don'tstrave\engine\default\x64\debug\engine.tlog\cl.command.1.tlog
c:\users\gimch\onedrive\문서\github\projectsr_don-tstarve\projecct_don'tstrave\engine\default\x64\debug\engine.tlog\cl.items.tlog
c:\users\gimch\onedrive\문서\github\projectsr_don-tstarve\projecct_don'tstrave\engine\default\x64\debug\engine.tlog\cl.read.1.tlog
c:\users\gimch\onedrive\문서\github\projectsr_don-tstarve\projecct_don'tstrave\engine\default\x64\debug\engine.tlog\cl.write.1.tlog
c:\users\gimch\onedrive\문서\github\projectsr_don-tstarve\projecct_don'tstrave\engine\default\x64\debug\engine.tlog\link.command.1.tlog
c:\users\gimch\onedrive\문서\github\projectsr_don-tstarve\projecct_don'tstrave\engine\default\x64\debug\engine.tlog\link.read.1.tlog
c:\users\gimch\onedrive\문서\github\projectsr_don-tstarve\projecct_don'tstrave\engine\default\x64\debug\engine.tlog\link.secondary.1.tlog
c:\users\gimch\onedrive\문서\github\projectsr_don-tstarve\projecct_don'tstrave\engine\default\x64\debug\engine.tlog\link.write.1.tlog
