c:\users\gimch\onedrive\문서\github\projectsr_don-tstarve\projecct_don'tstrave\client\default\x64\debug\vc143.pdb
c:\users\gimch\onedrive\문서\github\projectsr_don-tstarve\projecct_don'tstrave\client\default\x64\debug\vc143.idb
c:\users\gimch\onedrive\문서\github\projectsr_don-tstarve\projecct_don'tstrave\client\default\x64\debug\client.obj
c:\users\gimch\onedrive\문서\github\projectsr_don-tstarve\projecct_don'tstrave\client\default\x64\debug\terrain.obj
c:\users\gimch\onedrive\문서\github\projectsr_don-tstarve\projecct_don'tstrave\client\default\x64\debug\player.obj
c:\users\gimch\onedrive\문서\github\projectsr_don-tstarve\projecct_don'tstrave\client\default\x64\debug\monster.obj
c:\users\gimch\onedrive\문서\github\projectsr_don-tstarve\projecct_don'tstrave\client\default\x64\debug\mainapp.obj
c:\users\gimch\onedrive\문서\github\projectsr_don-tstarve\projecct_don'tstrave\client\default\x64\debug\loader.obj
c:\users\gimch\onedrive\문서\github\projectsr_don-tstarve\projecct_don'tstrave\client\default\x64\debug\level_logo.obj
c:\users\gimch\onedrive\문서\github\projectsr_don-tstarve\projecct_don'tstrave\client\default\x64\debug\level_loading.obj
c:\users\gimch\onedrive\문서\github\projectsr_don-tstarve\projecct_don'tstrave\client\default\x64\debug\level_gameplay.obj
c:\users\gimch\onedrive\문서\github\projectsr_don-tstarve\projecct_don'tstrave\client\default\x64\debug\imgui_widgets.obj
c:\users\gimch\onedrive\문서\github\projectsr_don-tstarve\projecct_don'tstrave\client\default\x64\debug\imgui_tables.obj
c:\users\gimch\onedrive\문서\github\projectsr_don-tstarve\projecct_don'tstrave\client\default\x64\debug\imgui_impl_win32.obj
c:\users\gimch\onedrive\문서\github\projectsr_don-tstarve\projecct_don'tstrave\client\default\x64\debug\imgui_impl_dx9.obj
c:\users\gimch\onedrive\문서\github\projectsr_don-tstarve\projecct_don'tstrave\client\default\x64\debug\imgui_draw.obj
c:\users\gimch\onedrive\문서\github\projectsr_don-tstarve\projecct_don'tstrave\client\default\x64\debug\imgui_demo.obj
c:\users\gimch\onedrive\문서\github\projectsr_don-tstarve\projecct_don'tstrave\client\default\x64\debug\imgui.obj
c:\users\gimch\onedrive\문서\github\projectsr_don-tstarve\projecct_don'tstrave\client\default\x64\debug\camera.obj
c:\users\gimch\onedrive\문서\github\projectsr_don-tstarve\projecct_don'tstrave\client\bin\debug\client.exe
c:\users\gimch\onedrive\문서\github\projectsr_don-tstarve\projecct_don'tstrave\client\bin\debug\client.pdb
c:\users\gimch\onedrive\문서\github\projectsr_don-tstarve\projecct_don'tstrave\client\default\x64\debug\client.res
c:\users\gimch\onedrive\문서\github\projectsr_don-tstarve\projecct_don'tstrave\client\default\x64\debug\client.ilk
c:\users\gimch\onedrive\문서\github\projectsr_don-tstarve\projecct_don'tstrave\client\default\x64\debug\client.tlog\cl.command.1.tlog
c:\users\gimch\onedrive\문서\github\projectsr_don-tstarve\projecct_don'tstrave\client\default\x64\debug\client.tlog\cl.items.tlog
c:\users\gimch\onedrive\문서\github\projectsr_don-tstarve\projecct_don'tstrave\client\default\x64\debug\client.tlog\cl.read.1.tlog
c:\users\gimch\onedrive\문서\github\projectsr_don-tstarve\projecct_don'tstrave\client\default\x64\debug\client.tlog\cl.write.1.tlog
c:\users\gimch\onedrive\문서\github\projectsr_don-tstarve\projecct_don'tstrave\client\default\x64\debug\client.tlog\link.command.1.tlog
c:\users\gimch\onedrive\문서\github\projectsr_don-tstarve\projecct_don'tstrave\client\default\x64\debug\client.tlog\link.read.1.tlog
c:\users\gimch\onedrive\문서\github\projectsr_don-tstarve\projecct_don'tstrave\client\default\x64\debug\client.tlog\link.secondary.1.tlog
c:\users\gimch\onedrive\문서\github\projectsr_don-tstarve\projecct_don'tstrave\client\default\x64\debug\client.tlog\link.write.1.tlog
c:\users\gimch\onedrive\문서\github\projectsr_don-tstarve\projecct_don'tstrave\client\default\x64\debug\client.tlog\rc.command.1.tlog
c:\users\gimch\onedrive\문서\github\projectsr_don-tstarve\projecct_don'tstrave\client\default\x64\debug\client.tlog\rc.read.1.tlog
c:\users\gimch\onedrive\문서\github\projectsr_don-tstarve\projecct_don'tstrave\client\default\x64\debug\client.tlog\rc.write.1.tlog
