  Camera.cpp
C:\Users\gimch\OneDrive\문서\GitHub\ProjectSR_Don-tStarve\Projecct_Don'tStrave\Client\Private\Camera.cpp(46,42): warning C4244: '인수': 'LONG'에서 'FLOAT'(으)로 변환하면서 데이터가 손실될 수 있습니다.
C:\Users\gimch\OneDrive\문서\GitHub\ProjectSR_Don-tStarve\Projecct_Don'tStrave\Client\Private\Camera.cpp(46,31): warning C4244: '인수': 'LONG'에서 'FLOAT'(으)로 변환하면서 데이터가 손실될 수 있습니다.
C:\Users\gimch\OneDrive\문서\GitHub\ProjectSR_Don-tStarve\Projecct_Don'tStrave\Client\Private\Camera.cpp(86,42): warning C4244: '인수': 'LONG'에서 'FLOAT'(으)로 변환하면서 데이터가 손실될 수 있습니다.
C:\Users\gimch\OneDrive\문서\GitHub\ProjectSR_Don-tStarve\Projecct_Don'tStrave\Client\Private\Camera.cpp(86,31): warning C4244: '인수': 'LONG'에서 'FLOAT'(으)로 변환하면서 데이터가 손실될 수 있습니다.
  imgui.cpp
  imgui_demo.cpp
  imgui_draw.cpp
  imgui_impl_dx9.cpp
  imgui_impl_win32.cpp
  imgui_tables.cpp
  imgui_widgets.cpp
  Level_GamePlay.cpp
  Level_Loading.cpp
  Level_Logo.cpp
  Loader.cpp
  MainApp.cpp
  Monster.cpp
  Player.cpp
C:\Users\gimch\OneDrive\문서\GitHub\ProjectSR_Don-tStarve\Projecct_Don'tStrave\Client\Private\Player.cpp(34,64): warning C4244: '인수': 'int'에서 'FLOAT'(으)로 변환하면서 데이터가 손실될 수 있습니다.
C:\Users\gimch\OneDrive\문서\GitHub\ProjectSR_Don-tStarve\Projecct_Don'tStrave\Client\Private\Player.cpp(34,46): warning C4244: '인수': 'int'에서 'FLOAT'(으)로 변환하면서 데이터가 손실될 수 있습니다.
  Terrain.cpp
  Client.cpp
  코드를 생성하고 있습니다...
  Client.vcxproj -> C:\Users\gimch\OneDrive\문서\GitHub\ProjectSR_Don-tStarve\Projecct_Don'tStrave\Client\Bin\Debug\Client.exe
